<?xml version="1.0" encoding="utf-8"?><testsuites name="pytest tests"><testsuite name="pytest" errors="0" failures="0" skipped="0" tests="64" time="0.973" timestamp="2026-09-12T11:34:59.165941+02:00" hostname="dinovo-002"><testcase classname="tests.test_assumptions_first_block" name="test_interview_protocol_exists" time="0.000" /><testcase classname="tests.test_assumptions_first_block" name="test_assumptions_first_heading_present" time="0.000" /><testcase classname="tests.test_assumptions_first_block" name="test_assumptions_listed_before_clarifying_questions" time="0.000" /><testcase classname="tests.test_assumptions_first_block" name="test_assumptions_block_names_dimensions[web-app]" time="0.000" /><testcase classname="tests.test_assumptions_first_block" name="test_assumptions_block_names_dimensions[cli]" time="0.000" /><testcase classname="tests.test_assumptions_first_block" name="test_assumptions_block_names_dimensions[persistence]" time="0.000" /><testcase classname="tests.test_assumptions_first_block" name="test_assumptions_block_names_dimensions[auth]" time="0.000" /><testcase classname="tests.test_assumptions_first_block" name="test_assumptions_block_has_mit_attribution" time="0.000" /><testcase classname="tests.test_assumptions_first_block" name="test_kern_step_1_surfaces_assumptions_first" time="0.000" /><testcase classname="tests.test_config" name="test_session_filenames_use_shipwright_prefix" time="0.000" /><testcase classname="tests.test_config" name="test_compute_file_hash" time="0.005" /><testcase classname="tests.test_config" name="test_compute_file_hash_changes" time="0.003" /><testcase classname="tests.test_config" name="test_session_state_roundtrip" time="0.007" /><testcase classname="tests.test_config" name="test_create_initial_session_state" time="0.002" /><testcase classname="tests.test_config" name="test_check_input_file_changed_no_state" time="0.002" /><testcase classname="tests.test_config" name="test_check_input_file_unchanged" time="0.012" /><testcase classname="tests.test_config" name="test_check_input_file_changed" time="0.010" /><testcase classname="tests.test_integration" name="test_full_flow" time="0.205" /><testcase classname="tests.test_manifest" name="test_parse_valid_manifest" time="0.002" /><testcase classname="tests.test_manifest" name="test_parse_missing_manifest" time="0.001" /><testcase classname="tests.test_manifest" name="test_parse_no_manifest_block" time="0.002" /><testcase classname="tests.test_manifest" name="test_parse_invalid_split_name" time="0.005" /><testcase classname="tests.test_manifest" name="test_parse_empty_manifest_block" time="0.004" /><testcase classname="tests.test_manifest" name="test_parse_duplicate_numbers" time="0.004" /><testcase classname="tests.test_setup_session" name="test_setup_new_session_file_mode" time="0.056" /><testcase classname="tests.test_setup_session" name="test_setup_resume_session" time="0.100" /><testcase classname="tests.test_setup_session" name="test_setup_invalid_file" time="0.050" /><testcase classname="tests.test_setup_session" name="test_setup_empty_file" time="0.045" /><testcase classname="tests.test_setup_session" name="test_setup_chat_mode" time="0.053" /><testcase classname="tests.test_setup_session" name="test_setup_inline_mode" time="0.053" /><testcase classname="tests.test_setup_session" name="test_setup_chat_mode_resume" time="0.096" /><testcase classname="tests.test_setup_session" name="test_setup_no_file_no_dir" time="0.045" /><testcase classname="tests.test_setup_session" name="test_setup_force_overwrites" time="0.112" /><testcase classname="tests.test_skill_references_link" name="test_skill_md_exists" time="0.000" /><testcase classname="tests.test_skill_references_link" name="test_references_dir_exists" time="0.000" /><testcase classname="tests.test_skill_references_link" name="test_every_kern_link_resolves" time="0.001" /><testcase classname="tests.test_skill_references_link" name="test_every_expected_step_reference_exists_and_is_linked" time="0.000" /><testcase classname="tests.test_skill_references_link" name="test_every_expected_preexisting_reference_exists_and_is_linked" time="0.000" /><testcase classname="tests.test_skill_references_link" name="test_every_new_reference_under_loc_budget" time="0.001" /><testcase classname="tests.test_skill_references_link" name="test_kern_skill_md_under_300_loc" time="0.000" /><testcase classname="tests.test_spec_generation_qr_fold" name="test_reference_no_longer_mints_qr_or_c_ids" time="0.001" /><testcase classname="tests.test_spec_generation_qr_fold" name="test_no_line_mints_a_live_qr_or_c_id" time="0.001" /><testcase classname="tests.test_spec_generation_qr_fold" name="test_constraints_render_as_prose_bullets" time="0.000" /><testcase classname="tests.test_spec_generation_qr_fold" name="test_worked_example_folds_quality_targets_into_the_fr_table" time="0.001" /><testcase classname="tests.test_spec_generation_qr_fold" name="test_worked_example_still_carries_the_canonical_fr_header" time="0.001" /><testcase classname="tests.test_state" name="test_is_valid_split_dir" time="0.000" /><testcase classname="tests.test_state" name="test_detect_state_empty" time="0.002" /><testcase classname="tests.test_state" name="test_detect_state_after_interview" time="0.002" /><testcase classname="tests.test_state" name="test_detect_state_after_manifest" time="0.002" /><testcase classname="tests.test_state" name="test_detect_state_after_dirs" time="0.002" /><testcase classname="tests.test_state" name="test_detect_state_after_specs" time="0.003" /><testcase classname="tests.test_write_run_config" name="test_detect_profile_nextjs" time="0.005" /><testcase classname="tests.test_write_run_config" name="test_detect_profile_nextjs_in_devdeps" time="0.002" /><testcase classname="tests.test_write_run_config" name="test_detect_profile_no_package_json" time="0.001" /><testcase classname="tests.test_write_run_config" name="test_detect_profile_no_next_dep" time="0.002" /><testcase classname="tests.test_write_run_config" name="test_detect_profile_invalid_json" time="0.002" /><testcase classname="tests.test_write_run_config" name="test_write_run_config_creates_valid_json" time="0.005" /><testcase classname="tests.test_write_run_config" name="test_write_run_config_raises_when_exists" time="0.001" /><testcase classname="tests.test_write_run_config" name="test_write_run_config_trailing_newline" time="0.005" /><testcase classname="tests.test_write_run_config" name="test_main_success" time="0.005" /><testcase classname="tests.test_write_run_config" name="test_main_missing_profile" time="0.001" /><testcase classname="tests.test_write_run_config" name="test_main_existing_config" time="0.002" /><testcase classname="tests.test_write_run_config" name="test_main_not_a_directory" time="0.001" /><testcase classname="tests.test_write_run_config" name="test_main_explicit_profile_override" time="0.005" /></testsuite></testsuites>