<?xml version="1.0" encoding="utf-8"?><testsuites name="pytest tests"><testsuite name="pytest" errors="0" failures="0" skipped="0" tests="44" time="0.096" timestamp="2026-08-10T08:53:20.440810+02:00" hostname="dinovo-002"><testcase classname="tests.test_review_record_tier" name="test_trusted_waiver_requires_a_valid_completed_record" time="0.001" /><testcase classname="tests.test_review_record_tier" name="test_pr_493_style_not_run_record_requires_review" time="0.000" /><testcase classname="tests.test_review_record_tier" name="test_legacy_spec_entry_is_read_without_crashing" time="0.000" /><testcase classname="tests.test_review_record_tier" name="test_forged_minimal_or_wrong_run_record_requires_review" time="0.000" /><testcase classname="tests.test_review_record_tier" name="test_evidence_cannot_waive_without_a_trusted_label_or_on_sensitive_paths" time="0.000" /><testcase classname="tests.test_review_record_tier" name="test_waiver_cannot_cover_a_change_to_a_suppression_or_hook_channel" time="0.000" /><testcase classname="tests.test_review_record_tier" name="test_waiver_fails_closed_when_github_truncates_the_changed_path_list" time="0.000" /><testcase classname="tests.test_review_record_tier" name="test_helper_path_is_anchored_against_a_prefixed_bypass" time="0.000" /><testcase classname="tests.test_review_record_tier" name="test_a_persistent_label_cannot_waive_a_new_unapproved_head" time="0.000" /><testcase classname="tests.test_review_record_tier" name="test_needs_review_label_forces_review_even_with_a_waiver" time="0.000" /><testcase classname="tests.test_review_record_tier" name="test_cli_reports_no_waiver_when_labels_are_empty" time="0.009" /><testcase classname="tests.test_review_record_tier" name="test_cli_full_waiver_flow_reports_no_review_needed" time="0.008" /><testcase classname="tests.test_review_record_tier" name="test_cli_reports_unreadable_inputs_when_labels_json_is_malformed" time="0.002" /><testcase classname="tests.test_review_record_tier" name="test_cli_reports_unreadable_inputs_when_labels_is_not_a_string_array" time="0.002" /><testcase classname="tests.test_review_record_tier" name="test_cli_reports_unreadable_inputs_when_changed_paths_file_is_missing" time="0.001" /><testcase classname="tests.test_review_record_tier" name="test_cli_treats_a_malformed_review_record_file_as_missing" time="0.008" /><testcase classname="tests.test_pr_review_workflow_shape.TestTriggers" name="test_pull_request_trigger_active" time="0.001" /><testcase classname="tests.test_pr_review_workflow_shape.TestTriggers" name="test_labeled_event_type_present" time="0.000" /><testcase classname="tests.test_pr_review_workflow_shape.TestTriggers" name="test_stage2_is_chained_to_stage1" time="0.001" /><testcase classname="tests.test_pr_review_workflow_shape.TestStage1" name="test_fork_guard_absent" time="0.000" /><testcase classname="tests.test_pr_review_workflow_shape.TestStage1" name="test_holds_no_secret" time="0.000" /><testcase classname="tests.test_pr_review_workflow_shape.TestStage1" name="test_uploads_the_diff_artifact" time="0.000" /><testcase classname="tests.test_pr_review_workflow_shape.TestStage1" name="test_carries_no_policy" time="0.000" /><testcase classname="tests.test_pr_review_workflow_shape.TestStage2" name="test_posts_the_required_context_as_a_status" time="0.000" /><testcase classname="tests.test_pr_review_workflow_shape.TestStage2" name="test_never_checks_out_the_pr_head" time="0.001" /><testcase classname="tests.test_pr_review_workflow_shape.TestStage2" name="test_identity_comes_from_the_trusted_event" time="0.000" /><testcase classname="tests.test_pr_review_workflow_shape.TestStage2" name="test_calls_custom_script_not_third_party_action" time="0.000" /><testcase classname="tests.test_pr_review_workflow_shape.TestStage2" name="test_tier_is_decided_here_from_api_data" time="0.000" /><testcase classname="tests.test_pr_review_workflow_shape.TestStage2" name="test_internal_exemption_requires_review_evidence" time="0.001" /><testcase classname="tests.test_pr_review_workflow_shape.TestStage2" name="test_unavailable_pr_head_evidence_falls_back_to_review" time="0.000" /><testcase classname="tests.test_pr_review_workflow_shape.TestStage2" name="test_waiver_cannot_cover_a_change_to_the_checks" time="0.000" /><testcase classname="tests.test_pr_review_workflow_shape.TestStage2" name="test_waiver_reads_both_sides_of_a_rename_and_fails_closed_at_api_cap" time="0.000" /><testcase classname="tests.test_pr_review_workflow_shape.TestStage2" name="test_waiver_is_consumed_before_a_later_push_can_reuse_it" time="0.000" /><testcase classname="tests.test_pr_review_workflow_shape.TestStage2" name="test_waiver_authorization_is_an_exact_head_approval" time="0.000" /><testcase classname="tests.test_pr_review_workflow_shape.TestStage2" name="test_failed_waiver_consumption_cannot_post_a_green_gate" time="0.000" /><testcase classname="tests.test_pr_review_workflow_shape.TestStage2" name="test_does_not_review_the_artifact" time="0.000" /><testcase classname="tests.test_pr_review_workflow_shape.TestSecrets" name="test_openrouter_secret_used" time="0.000" /><testcase classname="tests.test_pr_review_workflow_shape.TestSecrets" name="test_no_anthropic_key" time="0.001" /><testcase classname="tests.test_pr_review_workflow_shape.TestSecrets" name="test_no_literal_key" time="0.000" /><testcase classname="tests.test_pr_review_workflow_shape.TestSecrets" name="test_model_env_override" time="0.000" /><testcase classname="tests.test_pr_review_workflow_shape.TestHardening" name="test_third_party_actions_sha_pinned[path0]" time="0.001" /><testcase classname="tests.test_pr_review_workflow_shape.TestHardening" name="test_third_party_actions_sha_pinned[path1]" time="0.001" /><testcase classname="tests.test_pr_review_workflow_shape.TestHardening" name="test_no_direct_github_context_in_run_body[path0]" time="0.000" /><testcase classname="tests.test_pr_review_workflow_shape.TestHardening" name="test_no_direct_github_context_in_run_body[path1]" time="0.001" /></testsuite></testsuites>